2023-Apr-13 19:37:15 PM [background-preinit] INFO  org.hibernate.validator.internal.util.Version - HV000001: Hibernate Validator 8.0.0.Final
2023-Apr-13 19:37:15 PM [main] INFO  com.nikki.jwt.JwtApplication - Starting JwtApplication using Java 17.0.4 with PID 10057 (/home/nikki/Workspaces/idea-projects/jwt/target/classes started by nikki in /home/nikki/Workspaces/idea-projects/jwt)
2023-Apr-13 19:37:15 PM [main] INFO  com.nikki.jwt.JwtApplication - The following 1 profile is active: "dev"
2023-Apr-13 19:37:16 PM [main] INFO  org.springframework.data.repository.config.RepositoryConfigurationDelegate - Bootstrapping Spring Data JPA repositories in DEFAULT mode.
2023-Apr-13 19:37:16 PM [main] INFO  org.springframework.data.repository.config.RepositoryConfigurationDelegate - Finished Spring Data repository scanning in 47 ms. Found 7 JPA repository interfaces.
2023-Apr-13 19:37:16 PM [main] INFO  org.springframework.boot.web.embedded.tomcat.TomcatWebServer - Tomcat initialized with port(s): 8080 (http)
2023-Apr-13 19:37:16 PM [main] INFO  org.apache.coyote.http11.Http11NioProtocol - Initializing ProtocolHandler ["http-nio-8080"]
2023-Apr-13 19:37:16 PM [main] INFO  org.apache.catalina.core.StandardService - Starting service [Tomcat]
2023-Apr-13 19:37:16 PM [main] INFO  org.apache.catalina.core.StandardEngine - Starting Servlet engine: [Apache Tomcat/10.1.5]
2023-Apr-13 19:37:16 PM [main] INFO  org.apache.catalina.core.ContainerBase.[Tomcat].[localhost].[/] - Initializing Spring embedded WebApplicationContext
2023-Apr-13 19:37:16 PM [main] INFO  org.springframework.boot.web.servlet.context.ServletWebServerApplicationContext - Root WebApplicationContext: initialization completed in 969 ms
2023-Apr-13 19:37:16 PM [main] INFO  com.zaxxer.hikari.HikariDataSource - HikariPool-1 - Starting...
2023-Apr-13 19:37:17 PM [main] INFO  com.zaxxer.hikari.pool.HikariPool - HikariPool-1 - Added connection com.mysql.cj.jdbc.ConnectionImpl@256bb5be
2023-Apr-13 19:37:17 PM [main] INFO  com.zaxxer.hikari.HikariDataSource - HikariPool-1 - Start completed.
2023-Apr-13 19:37:17 PM [main] INFO  org.hibernate.jpa.internal.util.LogHelper - HHH000204: Processing PersistenceUnitInfo [name: default]
2023-Apr-13 19:37:17 PM [main] INFO  org.hibernate.Version - HHH000412: Hibernate ORM core version 6.1.7.Final
2023-Apr-13 19:37:17 PM [main] INFO  SQL dialect - HHH000400: Using dialect: org.hibernate.dialect.MySQLDialect
2023-Apr-13 19:37:17 PM [main] INFO  org.hibernate.engine.transaction.jta.platform.internal.JtaPlatformInitiator - HHH000490: Using JtaPlatform implementation: [org.hibernate.engine.transaction.jta.platform.internal.NoJtaPlatform]
2023-Apr-13 19:37:17 PM [main] INFO  org.springframework.orm.jpa.LocalContainerEntityManagerFactoryBean - Initialized JPA EntityManagerFactory for persistence unit 'default'
2023-Apr-13 19:37:18 PM [main] INFO  org.springframework.security.web.DefaultSecurityFilterChain - Will secure any request with [org.springframework.security.web.session.DisableEncodeUrlFilter@4d65fbad, org.springframework.security.web.context.request.async.WebAsyncManagerIntegrationFilter@55fc6344, org.springframework.security.web.context.SecurityContextHolderFilter@520e6089, org.springframework.security.web.header.HeaderWriterFilter@b7b26c6, org.springframework.web.filter.CorsFilter@2df0a4c3, org.springframework.security.web.authentication.logout.LogoutFilter@475a8415, com.nikki.jwt.security.filter.JwtAuthenticationFilter@1851f19f, org.springframework.security.web.savedrequest.RequestCacheAwareFilter@59c2bf78, org.springframework.security.web.servletapi.SecurityContextHolderAwareRequestFilter@44f8d884, org.springframework.security.web.authentication.AnonymousAuthenticationFilter@267d9cc0, org.springframework.security.web.session.SessionManagementFilter@3299e315, org.springframework.security.web.access.ExceptionTranslationFilter@2aaed928, org.springframework.security.web.access.intercept.AuthorizationFilter@543b855]
2023-Apr-13 19:37:18 PM [main] INFO  org.apache.coyote.http11.Http11NioProtocol - Starting ProtocolHandler ["http-nio-8080"]
2023-Apr-13 19:37:18 PM [main] INFO  org.springframework.boot.web.embedded.tomcat.TomcatWebServer - Tomcat started on port(s): 8080 (http) with context path ''
2023-Apr-13 19:37:18 PM [main] INFO  com.nikki.jwt.JwtApplication - Started JwtApplication in 3.378 seconds (process running for 3.98)
2023-Apr-13 19:37:39 PM [http-nio-8080-exec-2] INFO  org.apache.catalina.core.ContainerBase.[Tomcat].[localhost].[/] - Initializing Spring DispatcherServlet 'dispatcherServlet'
2023-Apr-13 19:37:39 PM [http-nio-8080-exec-2] INFO  org.springframework.web.servlet.DispatcherServlet - Initializing Servlet 'dispatcherServlet'
2023-Apr-13 19:37:39 PM [http-nio-8080-exec-2] INFO  org.springframework.web.servlet.DispatcherServlet - Completed initialization in 1 ms
2023-Apr-13 19:38:15 PM [SpringApplicationShutdownHook] INFO  org.springframework.orm.jpa.LocalContainerEntityManagerFactoryBean - Closing JPA EntityManagerFactory for persistence unit 'default'
2023-Apr-13 19:38:15 PM [SpringApplicationShutdownHook] INFO  com.zaxxer.hikari.HikariDataSource - HikariPool-1 - Shutdown initiated...
2023-Apr-13 19:38:15 PM [SpringApplicationShutdownHook] INFO  com.zaxxer.hikari.HikariDataSource - HikariPool-1 - Shutdown completed.
